
2015-03-19 16:11:11
[ERROR]-[Thread: qtp1651672899-17]-[com.jfinal.core.ActionHandler.handle()]: /index
java.lang.RuntimeException: java.lang.reflect.InvocationTargetException
	at com.jfinal.core.ActionInvocation.invoke(ActionInvocation.java:61)
	at com.jfinal.core.ActionHandler.handle(ActionHandler.java:73)
	at com.jfinal.core.JFinalFilter.doFilter(JFinalFilter.java:72)
	at org.eclipse.jetty.servlet.ServletHandler$CachedChain.doFilter(ServletHandler.java:1307)
	at org.eclipse.jetty.servlet.ServletHandler.doHandle(ServletHandler.java:453)
	at org.eclipse.jetty.server.handler.ScopedHandler.handle(ScopedHandler.java:137)
	at org.eclipse.jetty.security.SecurityHandler.handle(SecurityHandler.java:560)
	at org.eclipse.jetty.server.session.SessionHandler.doHandle(SessionHandler.java:231)
	at org.eclipse.jetty.server.handler.ContextHandler.doHandle(ContextHandler.java:1072)
	at org.eclipse.jetty.servlet.ServletHandler.doScope(ServletHandler.java:382)
	at org.eclipse.jetty.server.session.SessionHandler.doScope(SessionHandler.java:193)
	at org.eclipse.jetty.server.handler.ContextHandler.doScope(ContextHandler.java:1006)
	at org.eclipse.jetty.server.handler.ScopedHandler.handle(ScopedHandler.java:135)
	at org.eclipse.jetty.server.handler.HandlerWrapper.handle(HandlerWrapper.java:116)
	at org.eclipse.jetty.server.Server.handle(Server.java:365)
	at org.eclipse.jetty.server.AbstractHttpConnection.handleRequest(AbstractHttpConnection.java:485)
	at org.eclipse.jetty.server.AbstractHttpConnection.headerComplete(AbstractHttpConnection.java:926)
	at org.eclipse.jetty.server.AbstractHttpConnection$RequestHandler.headerComplete(AbstractHttpConnection.java:988)
	at org.eclipse.jetty.http.HttpParser.parseNext(HttpParser.java:635)
	at org.eclipse.jetty.http.HttpParser.parseAvailable(HttpParser.java:235)
	at org.eclipse.jetty.server.AsyncHttpConnection.handle(AsyncHttpConnection.java:82)
	at org.eclipse.jetty.io.nio.SelectChannelEndPoint.handle(SelectChannelEndPoint.java:628)
	at org.eclipse.jetty.io.nio.SelectChannelEndPoint$1.run(SelectChannelEndPoint.java:52)
	at org.eclipse.jetty.util.thread.QueuedThreadPool.runJob(QueuedThreadPool.java:608)
	at org.eclipse.jetty.util.thread.QueuedThreadPool$3.run(QueuedThreadPool.java:543)
	at java.lang.Thread.run(Unknown Source)
Caused by: java.lang.reflect.InvocationTargetException
	at sun.reflect.NativeMethodAccessorImpl.invoke0(Native Method)
	at sun.reflect.NativeMethodAccessorImpl.invoke(Unknown Source)
	at sun.reflect.DelegatingMethodAccessorImpl.invoke(Unknown Source)
	at java.lang.reflect.Method.invoke(Unknown Source)
	at com.jfinal.core.ActionInvocation.invoke(ActionInvocation.java:55)
	... 25 more
Caused by: java.lang.NoClassDefFoundError: freemarker/template/TemplateException
	at com.jfinal.render.RenderFactory$FreeMarkerRenderFactory.getRender(RenderFactory.java:256)
	at com.jfinal.render.RenderFactory.getRender(RenderFactory.java:142)
	at com.jfinal.core.Controller.render(Controller.java:893)
	at com.demo.controller.ZyhdglController.index(ZyhdglController.java:18)
	... 30 more
Caused by: java.lang.ClassNotFoundException: freemarker.template.TemplateException
	at java.net.URLClassLoader$1.run(Unknown Source)
	at java.net.URLClassLoader$1.run(Unknown Source)
	at java.security.AccessController.doPrivileged(Native Method)
	at java.net.URLClassLoader.findClass(Unknown Source)
	at java.lang.ClassLoader.loadClass(Unknown Source)
	at sun.misc.Launcher$AppClassLoader.loadClass(Unknown Source)
	at java.lang.ClassLoader.loadClass(Unknown Source)
	at org.eclipse.jetty.webapp.WebAppClassLoader.loadClass(WebAppClassLoader.java:430)
	at org.eclipse.jetty.webapp.WebAppClassLoader.loadClass(WebAppClassLoader.java:383)
	... 34 more

2015-04-13 17:30:08
[WARN]-[Thread: Timer-1]-[com.mchange.v2.async.ThreadPoolAsynchronousRunner$DeadlockDetector.run()]: com.mchange.v2.async.ThreadPoolAsynchronousRunner$DeadlockDetector@18b73570 -- APPARENT DEADLOCK!!! Creating emergency threads for unassigned pending tasks!

2015-04-13 17:30:14
[WARN]-[Thread: com.mchange.v2.async.ThreadPoolAsynchronousRunner$PoolThread-#0]-[com.mchange.v2.resourcepool.BasicResourcePool$1DestroyResourceTask.run()]: Failed to destroy resource: com.mchange.v2.c3p0.impl.NewPooledConnection@38b1d646
java.sql.SQLException: Some resources failed to close properly while closing com.mchange.v2.c3p0.impl.NewPooledConnection@38b1d646
	at com.mchange.v2.c3p0.impl.NewPooledConnection.close(NewPooledConnection.java:571)
	at com.mchange.v2.c3p0.impl.NewPooledConnection.close(NewPooledConnection.java:234)
	at com.mchange.v2.c3p0.impl.C3P0PooledConnectionPool$1PooledConnectionResourcePoolManager.destroyResource(C3P0PooledConnectionPool.java:470)
	at com.mchange.v2.resourcepool.BasicResourcePool$1DestroyResourceTask.run(BasicResourcePool.java:964)
	at com.mchange.v2.async.ThreadPoolAsynchronousRunner$PoolThread.run(ThreadPoolAsynchronousRunner.java:547)

2015-04-13 17:30:14
[WARN]-[Thread: Timer-1]-[com.mchange.v2.async.ThreadPoolAsynchronousRunner$DeadlockDetector.run()]: com.mchange.v2.async.ThreadPoolAsynchronousRunner$DeadlockDetector@18b73570 -- APPARENT DEADLOCK!!! Complete Status: 
	Managed Threads: 3
	Active Threads: 3
	Active Tasks: 
		com.mchange.v2.resourcepool.BasicResourcePool$1DestroyResourceTask@32a53d86 (com.mchange.v2.async.ThreadPoolAsynchronousRunner$PoolThread-#1)
		com.mchange.v2.resourcepool.BasicResourcePool$1DestroyResourceTask@7e6a4263 (com.mchange.v2.async.ThreadPoolAsynchronousRunner$PoolThread-#2)
		com.mchange.v2.resourcepool.BasicResourcePool$1DestroyResourceTask@722cb26b (com.mchange.v2.async.ThreadPoolAsynchronousRunner$PoolThread-#0)
	Pending Tasks: 
		com.mchange.v2.resourcepool.BasicResourcePool$1DestroyResourceTask@5475c95c
		com.mchange.v2.resourcepool.BasicResourcePool$1DestroyResourceTask@f6e256
		com.mchange.v2.resourcepool.BasicResourcePool$1DestroyResourceTask@50857c98
		com.mchange.v2.resourcepool.BasicResourcePool$1DestroyResourceTask@6bb70874
		com.mchange.v2.resourcepool.BasicResourcePool$1DestroyResourceTask@3d8c2eeb
		com.mchange.v2.resourcepool.BasicResourcePool$1DestroyResourceTask@3e5c65de
		com.mchange.v2.resourcepool.BasicResourcePool$1DestroyResourceTask@2423f1ce
		com.mchange.v2.resourcepool.BasicResourcePool$AcquireTask@33d81deb
		com.mchange.v2.resourcepool.BasicResourcePool$AcquireTask@319449e4
		com.mchange.v2.resourcepool.BasicResourcePool$AcquireTask@7e7f3129
		com.mchange.v2.resourcepool.BasicResourcePool$AcquireTask@5074bba0
		com.mchange.v2.resourcepool.BasicResourcePool$AcquireTask@1fca2ea4
		com.mchange.v2.resourcepool.BasicResourcePool$AcquireTask@12bc214a
		com.mchange.v2.resourcepool.BasicResourcePool$AcquireTask@7d2d8ae1
		com.mchange.v2.resourcepool.BasicResourcePool$AcquireTask@38f8f9fb
		com.mchange.v2.resourcepool.BasicResourcePool$AcquireTask@61e3eaf5
		com.mchange.v2.resourcepool.BasicResourcePool$AcquireTask@3a56ad08
Pool thread stack traces:
	Thread[com.mchange.v2.async.ThreadPoolAsynchronousRunner$PoolThread-#1,5,main]
		org.apache.log4j.spi.LoggingEvent.<init>(LoggingEvent.java:165)
		org.apache.log4j.Category.forcedLog(Category.java:391)
		org.apache.log4j.Category.log(Category.java:856)
		com.mchange.v2.log.log4j.Log4jMLog$Log4jMLogger.log(Log4jMLog.java:161)
		com.mchange.v2.log.log4j.Log4jMLog$Log4jMLogger.log(Log4jMLog.java:173)
		com.mchange.v2.resourcepool.BasicResourcePool$1DestroyResourceTask.run(BasicResourcePool.java:972)
		com.mchange.v2.async.ThreadPoolAsynchronousRunner$PoolThread.run(ThreadPoolAsynchronousRunner.java:547)
	Thread[com.mchange.v2.async.ThreadPoolAsynchronousRunner$PoolThread-#2,5,main]
		org.apache.log4j.Category.callAppenders(Category.java:205)
		org.apache.log4j.Category.forcedLog(Category.java:391)
		org.apache.log4j.Category.log(Category.java:856)
		com.mchange.v2.log.log4j.Log4jMLog$Log4jMLogger.log(Log4jMLog.java:161)
		com.mchange.v2.log.log4j.Log4jMLog$Log4jMLogger.log(Log4jMLog.java:173)
		com.mchange.v2.resourcepool.BasicResourcePool$1DestroyResourceTask.run(BasicResourcePool.java:972)
		com.mchange.v2.async.ThreadPoolAsynchronousRunner$PoolThread.run(ThreadPoolAsynchronousRunner.java:547)
	Thread[com.mchange.v2.async.ThreadPoolAsynchronousRunner$PoolThread-#0,5,main]
		com.jfinal.server.JFinalClassLoader.loadClass(JFinalClassLoader.java:53)
		org.apache.log4j.spi.ThrowableInformation.getThrowableStrRep(ThrowableInformation.java:87)
		org.apache.log4j.spi.LoggingEvent.getThrowableStrRep(LoggingEvent.java:413)
		org.apache.log4j.WriterAppender.subAppend(WriterAppender.java:313)
		org.apache.log4j.WriterAppender.append(WriterAppender.java:162)
		org.apache.log4j.AppenderSkeleton.doAppend(AppenderSkeleton.java:251)
		org.apache.log4j.helpers.AppenderAttachableImpl.appendLoopOnAppenders(AppenderAttachableImpl.java:66)
		org.apache.log4j.Category.callAppenders(Category.java:206)
		org.apache.log4j.Category.forcedLog(Category.java:391)
		org.apache.log4j.Category.log(Category.java:856)
		com.mchange.v2.log.log4j.Log4jMLog$Log4jMLogger.log(Log4jMLog.java:161)
		com.mchange.v2.log.log4j.Log4jMLog$Log4jMLogger.log(Log4jMLog.java:173)
		com.mchange.v2.resourcepool.BasicResourcePool$1DestroyResourceTask.run(BasicResourcePool.java:972)
		com.mchange.v2.async.ThreadPoolAsynchronousRunner$PoolThread.run(ThreadPoolAsynchronousRunner.java:547)



2015-04-13 17:30:14
[WARN]-[Thread: com.mchange.v2.async.ThreadPoolAsynchronousRunner$PoolThread-#1]-[com.mchange.v2.resourcepool.BasicResourcePool$1DestroyResourceTask.run()]: Failed to destroy resource: com.mchange.v2.c3p0.impl.NewPooledConnection@5180a0e5
java.sql.SQLException: Some resources failed to close properly while closing com.mchange.v2.c3p0.impl.NewPooledConnection@5180a0e5
	at com.mchange.v2.c3p0.impl.NewPooledConnection.close(NewPooledConnection.java:571)
	at com.mchange.v2.c3p0.impl.NewPooledConnection.close(NewPooledConnection.java:234)
	at com.mchange.v2.c3p0.impl.C3P0PooledConnectionPool$1PooledConnectionResourcePoolManager.destroyResource(C3P0PooledConnectionPool.java:470)
	at com.mchange.v2.resourcepool.BasicResourcePool$1DestroyResourceTask.run(BasicResourcePool.java:964)
	at com.mchange.v2.async.ThreadPoolAsynchronousRunner$PoolThread.run(ThreadPoolAsynchronousRunner.java:547)

2015-04-13 17:30:14
[WARN]-[Thread: com.mchange.v2.async.ThreadPoolAsynchronousRunner$PoolThread-#2]-[com.mchange.v2.resourcepool.BasicResourcePool$1DestroyResourceTask.run()]: Failed to destroy resource: com.mchange.v2.c3p0.impl.NewPooledConnection@2fefb21c
java.sql.SQLException: Some resources failed to close properly while closing com.mchange.v2.c3p0.impl.NewPooledConnection@2fefb21c
	at com.mchange.v2.c3p0.impl.NewPooledConnection.close(NewPooledConnection.java:571)
	at com.mchange.v2.c3p0.impl.NewPooledConnection.close(NewPooledConnection.java:234)
	at com.mchange.v2.c3p0.impl.C3P0PooledConnectionPool$1PooledConnectionResourcePoolManager.destroyResource(C3P0PooledConnectionPool.java:470)
	at com.mchange.v2.resourcepool.BasicResourcePool$1DestroyResourceTask.run(BasicResourcePool.java:964)
	at com.mchange.v2.async.ThreadPoolAsynchronousRunner$PoolThread.run(ThreadPoolAsynchronousRunner.java:547)
